1 0 104
2 1
3 2
4 3 191 193 194
5 4 115
6 5 271 272
7 6 235 253 254 255
8 7 118 263 264
9 8 116 117 197 224 225 226 227 228
10 9
11 10 265
12 11 196
13 12
14 13 123
15 14 177 209 210 211
16 15 127 128 159 160 212 213 214 215
17 16 298 299
18 17
19 18 131 266
20 19 144 145
21 20
22 21 148 149
23 22 216 217 218 219
24 23 229
25 24 121 176
26 25 256
27 26 183
28 27 195 220 222 223
29 28 161 162 163 198 199 294 295 296 297
30 29 158 187 188 189
31 30
32 31
33 32 156 157 178
34 34 103 114 236 237 238
35 35
36 37
37 38 136 137 138 275 276 277 278
38 39 154
39 40 166 167 168 169
40 41 106
41 42 251
42 43
43 44 143
44 45 290 291 292
45 46
46 47
47 48 241 242
48 49
49 50 182
50 51
51 52
52 53 152
53 54 108 109 207 208
54 55
55 56 129 146 170 202 203 204 205
56 57 141
57 58 125 140 239 240
58 59
59 60 139 281 282 283 284 285 286 287 288
60 61 200 201 280
61 62 122 174 175
62 63 142
63 64 171 172 173
64 66
65 67
66 68 184 185 186
67 69
68 70 258 259 260 261 262
69 71
70 72 113 150 151
71 73 230 231
72 74 130
73 75 120
74 76 248 293
75 77
76 78
77 79 147 232 233
78 80 119 267 268 269 270
79 81 279
80 82 180 181
81 83 273 274
82 84
83 85 110 111 192
84 86 190 243 244 245 246 247
85 87 107 132
86 88 112
87 89 206
88 90 249 250
89 91 153
90 92 124 289
91 93 252
92 94
93 95 126
94 96 155
95 97
96 98
97 99 105 133 134 135
98 100
99 101 257
100 102 164 165