1 3156 1269 4511 2695 3468 4705 2187 5566 9586 8035 7245 2737 310 3962 8408 238 6617 8041 7412 2475 9365 7772 9024 9025 2579 7524 2170 3679 8154
2 303 8085 9182 3615 2967 7309 3753 1235 6755 4317 3852 5397 4943 460 5581 5842 8363 7376
3 4839 6004 3105 1206 6815 5620 9219 9510 2560 2124 2911 6374 861 5320 9760 4403 5319 2872 9063 1969 4978 299 3863 8885 3620
4 4094 563 5507 8323 7555 5875 239 2765 7167 1154 518 8916 5005 8695 6593 1761 3967 4835 3018 7082 2889 6436 8570 5276 9493 5551 4077 242 5836 455 3020 8825 5144 4305 7368 3021
5 5497 3245 775 2885 9611 6713 9963 6102 8963 5706 4524 6506 4283 8369 136
6 1335 9864 704 708 5279 2937 527 8813 2085 4025 7421 8858 2196 5333 1360 4157 7223
7 445 823 5466 8194 3073 893 4686 209 4624 6085 7210 6156 9175 2808 6733 7187 1737 5940 9824 3853 6241 5688 9749 4747 1153 1972 9753 4750
8 3580 513 7263 5082 9620 2118 5356 3053 862 9018 5864 8645 608 8439 4625 7505 8544 7599 8627 2387 7919 7736 9231 7269 3356 9827
9 8703 9626 8449 4959 1311 7691 7077 6743 6620 8108 8362 7411 2636 2796 5430 5722 7439 6341 8998 3658 6732 8920 1287 630 6010 6011 7181 7182
10 1138 6851 6188 8827 987 7296 8410 7274 2213 7360 9618 1975 9017 4179 3304 1731 2448
11 4059 5615 6076 4532 3159 8471 1850 3900 4765 1103 4444 1648 8442 1795 8999 1295 7437 8069
12 1992 7373 5695 4002 516 8821 2434 7620 8958 9479 8010 1775 8537 8479 1665 7408 2064 2595 2113 8364 8365 3413 6976 998
13 4377 8675 9042 2952 6729 6987 3338 1198 306 6758 5114 1283 1112 1238 2728 8417 6847 9360 2615 4324 4492 6458 9771 1976 6817 4759 4760 9776
14 2949 3051 4130 9897 8277 2315 2959 9879 5027 4358 7778 5522 6083 4590 7195 4389 9858 2674 3955 3202 9492 5965 3242 4573 974 1166 6796 1077 1624 26 6112 626
15 606 2838 7114 2313 4704 2867 2115 9859 1392 5451 2635 9651 8922 7308 3143 1901 1936 613 5613 9840 559 9953 2349 3447 2372 2286 7586 5547 9736 2818
16 3444 1267 4088 8791 7255 146 2366 9554 5534 4539 7656 4076 5102 5527 4453 6408 4763 416 6401 9007 4670 8619 1998 4298 8818 2529 2530
17 7318 8795 7535 3839 2382 7799 1949 292 6029 8953 9100 9950 5184 358 3634 7734 2369 9221 9280 3535 3848 4599 5504
18 7429 1866 2578 3044 8597 2634 8432 4107 7306 558 3628 3917 8935 2871 2391 4067 2131 4097 8563 7192 6019 1226
19 8292 2520 9503 5934 4139 7686 7903 8094 2230 6597 457 1294 9376 5650 1715 7101 7924 9092 7294 4773 384 7265 1765 4589 4134 1056 6685 3115 3189 9940 7460
20 4435 6024 3885 4104 6066 2938 7164 8583 1416 5793 4306 5195 1278 4339 1254 5512 6600 9443 2709 3856 6603
21 8630 3513 9543 4558 4583 6321 2954 2089 1840 4561 9459 6030 1505 4262 6109 2723 6986 7303 2492 8802 1052 6148 5130 7348 7349 4292
22 9084 417 4913 9171 3566 4605 5256 2979 7663 8214 2835 7383 1459 4244 7145 387 177 8687 4198 2368 676 7653 1417 7425 5383 1814 806 5135 1554 793 3306 2541 8944 988 2422 6950 1454 5159 8850
23 8518 8112 8225 3072 5166 8673 106 1781 3818 7542 3933 6092 6773 5389 6432 9197 7596 1925 2827 9616 7051 7025 9700 4700 5631
24 5018 6048 7422 2395 499 2000 9195 1871 6643 2653 8283 2642 4385 4329 1411 6443 1940 5363 9552 8374 4600 3223 7878 3224 270 7881 1599 2276
25 9888 8489 8190 5405 4003 6584 9191 7594 9355 9299 6081 7259 3829 8018 657 7643 3873 3763 7890 4576 1582 1172 3244 9663 3716 7624 6194 3898 8166 6978 3618
26 6807 225 403 415 8595 4293 2291 9988 874 5729 2903 9456 8466 9170 7765 3062 1270 1893 4993 7432 4540 1577 4542 9304
27 9913 7171 9116 1800 3130 4655 3004 2388 7247 77 2514 4856 5577 5104 404 2534 5594 1957 5922 8372 6124 750 8775 5110 6127
28 5299 4842 8642 9684 9272 448 4939 3307 7631 5541 6808 2247 8246 696 125 1034 5297 8834 679 5190 3041 3042 8905 3630 8907 8908 3631
29 1815 3047 6630 9881 5583 816 863 6540 4407 6353 1714 7923 5830 5039 6427 2331 4674 4498 5429 4941 8299 2255 1576 8723 2983
30 9675 8588 4673 5967 7140 6000 8298 5472 4528 4096 6714 5483 80 3777 2923 2757 3582 1122 6542 7892 6373 1822 8392 395 8508 7059 4124
31 7952 2026 1777 8956 3316 5632 9111 5807 2066 5667 1764 3591 9294 5423 9296 1881 4538
32 2576 376 3425 3487 5530 1108 2125 4174 781 5318 9448 3858 6606 431 3860 1602 9454 4614 432 1343
33 2296 4021 6580 4068 8431 2407 7726 260 4477 4903 9418 5450 5742 1379 6151 5065 3545 5067 4239 6073 3665 3069 231
34 1209 8104 3057 6871 6879 4924 4685 3556 5360 3774 5229 3186 4745 959 6037 3854 101 7822 3250 4506 7487 5232 6322 9058 6323 1288 9061 4416 1080 2591 307 7559 9067 1082 8122
35 1664 6403 6430 8346 6579 9871 4953 7645 6308 838 2739 6892 7991 5895 5896 8726 1868 7713
36 3457 6570 8876 8816 9838 112 1042 2041 2232 2435 3214 5609 5392 8295 6481 5244
37 1993 7554 5636 1326 2787 1256 5306 8601 2640 6608 3361 8388 8344 3300 1678 2392 5893 2192 9609 464
38 190 511 9109 7457 35 7666 6848 1513 8030 7790 3354 7926 8928 4529 9598 6590 1819 2095 496 4381 2518 4774 6827 6249 3824 5936 9669 1473 3536 7239 2968 7241 5055 2487 2488 6060
39 8271 7188 6971 7873 216 5655 3979 884 2101 7538 9957 9040 1991 7052 3671 3265 2865 3412 5840 5841
40 6783 9411 6252 3655 6942 8965 3993 7808 7119 9022 5453 1224 5482 2510 2569 4422 7050 6948 6209 5458 1107 6517 9329
41 6135 4143 4630 4475 266 4717 4843 7661 1535 4552 6532 3815 6347 9293 388 3577 5805 2063 5246 6334 6384 2564 4374
42 9020 656 9370 6263 2515 1692 4270 8988 5124 2702 6558 4441 1218 1955 5520 5181 7033 2703 4273 7281 5084 8730 3218 2271
43 268 4536 7451 6132 3974 4209 370 2359 7549 9107 4081 2811 2474 3994
44 7293 8671 8915 6519 774 2955 4874 1650 3761 2744 6635 3456 8480
45 5113 6740 1227 8786 6805 6021 6672 6200 4821 3139 9234 1286 237 5759 3980 7785 9414 9643 2553 1728 7310 5696 953 1579 5294 9198 7678 5446 6527 165 3812
46 6115 4948 284 4205 6587 7301 3396 3512 9657 4496 6803 4569 894 4234 8287 287 8657 471 5876 2659
47 1528 7442 8782 1146 9392 991 3328 7272 717 1669 2155 8282 4783 5150 4968 7115
48 5192 956 64 7464 2996 4899 5511 3813 9835 37 9991 3296 6744 8579 1398 6317 4949 2868 8371 1190
49 920 8792 4895 6165 2874 4395 1807 4169 673 9653 7930 3944 7431 3330 6105 8982 9786 6465 9184 2208
50 2920 3840 8021 8187 5901 4105 1791 6213 2857 9082 8616 9102 5795 2759 7074 1018 6444 9227
51 84 3849 3622 751 6002 2455 3065 6061 8593 8403 7507 8111 4964 9686 71 9905 4633 9745 5401 5431 3662 9781 3522 3491 8910 6221
52 1492 159 2415 8981 3340 5962 1307 1695 1421 5498 9064 1099 2685 9587 3964 4261 1333 2821 4116 1713 4918 391 3978 3324 966 9759 443 8152 5697
53 4379 2696 193 6128 4711 928 8081 9440 6071 4612 4222 7027 2598 6612 3837 3576 1249 2073 8797 3588
54 7640 7710 4200 9628 4302 365 2164 8173 886 1340 5694 5963 3247 5496 4454 426 3460 4216 3180 2280 4332 5399 6467
55 677 2316 4659 660 9735 6168 8640 3482 6159 7823 979 8995 5565 5074 7749 2451 8366 875 4004 4831 9385 6658 3909 1071 9096 4201 7944 228 7859 3518 8866 6191
56 7399 4194 2305 6393 4248 8796 5317 3704 7866 2708 4638 2215 7815 7124 3389 4736 8888 2909 204 8490
57 2432 6849 7494 5998 5679 3233 215 1640 3397 4526 6886 2365 359 803 7827 2237 6876 8690 3780 6461 9250 3781 925 926 5398
58 5445 1530 5868 3270 9679 6746 9263 1177 9292 9866 6486 872 4486 7651 9310 5251 1400 9589 5175 8879 5176 3619
59 3743 2881 9128 7901 5212 6596 3450 7502 1509 8688 7501 1314 8872 4259 9612 1302 3421 2947 6736 8026 941 2162 1719 7838 4543 6275 3019 8082 392 7938 5549 9507 685 807 3883
60 9698 3196 9291 8118 780 6392 2233 4245 3326 990 475 3877 3266 7680 9019 319 4822 7819 6619 6082 3935 1832 6810 2699 9260 9750 6760 594 4701 2456 6152
61 3527 2384 6280 3430 4072 1266 5268 827 9603 7419 1059 9674 3252 2677 1140 5599 9606 8022
62 1305 568 7253 4872 2335 3510 2355 6865 572 1834 4064 6272 5169 5959 3894 8306 6488 2687 931 3614 6599 184 5671 2767 6795
63 7320 655 2480 5143 1672 8668 9534 5428 943 9542 8313 2298 6032 869 3523 2090 7527
64 1978 2536 3795 8575 5369 4677 5603 9813 353 6764 7636 580 2 5340 3439 3230 1856 261 7908 564 9994 2050 6684 8846 5146 1274 129 6046 4604 5376 9860
65 6654 2742 4207 4031 2151 8470 3319 8564 2495 3221 887 1501 5140 8135 1124 8064 9995 5986 640 5546 8491 28 8702 6830 1435 1339 298 7771 2243 3288
66 3988 7088 6023 711 9925 4314 6009 4372 1741 9132 1561 5411 4388 6856 9378 7021 5614 8125 9892 8393 804 3405 7228 5047 2100 548 6084 8712 5077 5078 6087 6686 6687 5586
67 8329 1170 1189 5699 7045 3867 8296 7237 9441 8779 9403 1657 1027 1028 1826 5111 2516 1855 9178 2627
68 769 3564 8086 1613 355 4406 9194 6572 684 3709 1292 3192 7839 6306 7305 2443 436 3956 7189 343
69 2106 6843 7889 6141 8023 7793 6816 7028 9867 3570 9602 7531 2971 6557 5259 2290 9973 3486 4518 9338 1486 8398 1909 1083 5286 7565 7566 3698 7568 4424 1293 9390 1898 7842 5476 794 5478 9396 4577 9398 3207
70 6456 1228 1441 6013 3381 6659 4365 6292 621 9762 2716 5924 4768 5419 1390 6460 8180 8455 1748 1581 2427 4120
71 6901 5406 6160 7934 8444 1297 9474 1502 8584 4547 3649 8031 3635 4487 4887 115 7852 6440 1572 7800 9423 6759 8676 3926 8452 6995 4091
72 1438 9466 2338 1676 1282 1031 817 8719 3547 8763 9872 6581 5313 3368 3689 1917 5185 3423 4998 7526 1973 2197 7831 6018 4662
73 7070 9549 9743 934 8007 4345 3511 9982 7055 7121 9486 9531 9119 710
74 3253 9325 3068 6809 8028 8798 9424 5187 965 3476 1057 4603 5580 8824 641 7288 7289 3664
75 700 8989 9731 7004 5006 2745 5382 7417 687 6525 5258 5823 5249 7652 14 4785 4923 4678 4057 5275 1829 910 797 2273
76 3607 8059 8878 4282 3193 4591 7403 878 276 2137 7675 7275 7486 2440 5026 1631 5526 8568 1546 557
77 9393 9559 3133 6638 9574 6567 4921 3992 3291 4617 7626 6648 2694 7285 286 2380 829 1358 5349 8904 9502 6118 1242 6104 3562
78 1178 4034 6615 876 5995 1047 800 6169 4999 6224 1802 1158 1366 1195 2445 1730 5944
79 945 6186 4063 6498 1873 7415 1106 6425 9388 2729 659 4163 3751 6223 4101 8284 670 3345 2944 693 2065 9748 9001 7940 9161 2344 4934 8724 8327 8942 8943 4363 2148 7458
80 3471 9654 5241 7355 3092 6208 3608 8667 1963 4806 3461 2525 2717 161 9033 7278 1194 1455 7847 3648 5689 5734 2413 9480 7887 6097 9014 8430
81 4885 7884 7628 9752 5289 3459 6858 4098 6609 8987 1325 9706 2461 2476 9699 7280 3285 7853 7970 9984 8488 9555 1938 5202 4929
82 1315 4233 629 47 8477 8373 8530 1860 8745 6446 9268 536 8177 1776 3714 3682 6554 9708 2860 4917 5066 8483 4610 9773 3505 4069 383 2820 5758 4022 5760 4023 2373 9875 9876 2822 9878 4811 4812 8251 980 8253 6889 9885 6890 9887 2824 828 3367 9891 4817 8260 4818 2376 49 58 8265 5775 8267 1173 8269 4823 2830 706 9906
83 8149 1908 5069 779 5222 5375 8546 3216 6251 7849 6415 5323 6375 8926 9458 6203 6738 8721 6463 113 8764 5572 3674 5420 2588 5927 4927 1212
84 1543 3976 6639 3370 3362 5933 9795 5158 8590 4739 5801 2268 1684 1985 7352 5733 989 3089 7990 7022 450 964 8985 4707 6411 4945 4010 1007 5625 3031 3162 6499 783 401 5819
85 5424 2651 5237 1944 4405 9300 3321 4159 6290 2017 5136 5966 8418 927 4926 1347 1085 5676 8710
86 7475 24 4661 1835 4113 5240 5188 5849 8465 3759 8347 1753 3744 221 9389 2987 4728 3911 5666 8131
87 6694 6742 7364 3901 1587 3009 1145 6813 4037 6653 5982 4237 637 5274 9451 7311 763 8923 7441
88 1066 3739 1884 6493 506 6379 873 4663 4370 1780 7694 6015 579 6260
89 4309 5335 1869 3190 7013 1752 3970 6982 8691 871 3747 4629 5480 544 6336 6980 8436 1070 2433 2194 1895 9961 8860 8997 324 7660 4500 2637 7359 2035 1262 9656 3369 6723 1210 7937
90 4214 8055 7861 1627 550 456 814 9083 1420 2567 584 7178 7897 6915 8065 1763 5328 3995 4252 2258 1720 8090 2922 9650 1950 5629
91 3572 3420 5539 9349 3952 199 8182 2958 4714 1551 2803 3706 8060 8655 2894 180 2858 5072 7202 4484 1156 9391 6676 7371 4308 6170
92 6110 6645 4206 9800 6326 6719 2360 6737 5479 1298 1567 6184 8037 6511 9261 3831 3091 2573 574 7655 4320
93 9216 7692 3623 7929 5001 9405 9482 1264 9278 1516 151 5619 4336 3916 5448 5997 6468 3670 1280 2725 1846 6143 7374 7375
94 6780 5189 2385 9478 4136 5481 4278 4816 3037 2643 5806 9775 3302 9661 9577 6470 7733
95 9544 842 3276 5970 6216 507 2982 1553 7843 1914 6863 6131 5028 3357 9783 6837 3977 6594 8454 3861 7833 7834 1114
96 6794 8167 9046 715 1967 4857 5862 2712 7684 9352 3878 850 2001 8829 9468 6543 602 5664 1092 6545 488 1982 9782 2509
97 9523 7956 8128 8042 5437 4318 320 2713 7987 8842 9344 8875 4110 2088 7780 2655 5378 4534 6696 3624 7801 3080 8941 2322 1951 438 12 3941 2326 1636 8070 2764 3945 325 6750 5652 5653 8091 4719 6766 3954 9690 6768 2334 9693 6770 8098 1962 9714 5669 9716 1374 4732 9719 5672
98 3236 6293 2975 1564 691 6480 4099 4213 9923 864 1330 8343 3446 6727 4409 4123 2741 5343 6171 3659 2562 8790 5811 1705
99 8024 753 1309 1470 5976 7949 4858 7276 1320 6471 9471 2446 9590 9266 1380 7718 3098 9032 5637 9206 664 5370
100 9851 1620 4515 4204 4007 521 5139 9919 8605 5206 3660 2807 6310 5462 2895 3106 7151 8622 1306 7855 1594 3836 1336 3838 2697 1905 2269 5493 9417 1120 4592
101 157 6502 9087 95 91 2467 473 9233 1370 1556 3070 2460 4316 5989 7184 7089 6931 1615 9515 5555 4640 4641 7950 9520
102 9852 9610 4888 8368 1584 8071 929 903 9091 3178 6668 5385 4065 4559 4780 3327 4095 2876 2029 7008 3427 2878 7011 3880
103 5744 1550 8631 9246 2731 5464 3550 3210 267 3924 9039 7003 6823 3982 2333 2222 4420 6845 7183 8607 398 9831 8211 976
104 7229 8728 166 9820 6101 5818 463 8326 6298 3913 3805 4202 9688 7925 5152 3165 6386 8457 8500 7545 2503 5604 2145 3048 410 1064 8934 7450 3643
105 222 3426 9473 2015 6618 9139 4219 2882 9709 7455 2398 3182 3401 1960 4322 7107 4740 6951 1946 6259 4692 9147 2182 36 3488 3687 5048 8666 251 6051 8669 3533 7235 6518 5828 9993 994
106 4894 5324 3891 439 5535 1864 529 2791 7102 254 1345 8883 7534 1451 1058 2014 4231 6981 3528
107 4833 718 4586 1002 1595 7922 6367 9987 6565 9853 3823 87 5131 7642 8389 1159 1906 9241 7390 7391 1507 7393
108 2356 2941 719 2912 5649 4109 2605 1745 6333 9072 5765 9470 8092 8404 6022 8625 2953 60 3517 737
109 8509 986 1276 6491 2718 7587 9816 9962 9548 8742 2769 7817 8390 6369 5869 652 8592 6943 6997
110 88 311 1565 8731 6864 7732 6674 3647 2777 5228 6778 5200 6017 3234 2193 9517
111 9581 2999 8520 8227 2714 4045 1201 4279 7508 4876 3209 5740 6144 3981 3303 8589 8541 2096 8684 8685 5059 6063
112 3951 9345 7232 4546 3050 3646 2126 2935 699 7750 841 8632 2378 4146 7313 9877 2775 3109 5956 9177 8385 4203 2951 2117
113 8175 3758 942 7931 857 9179 9112 2668 981 9373 289 5912 2747 4510 5889 2457 5174
114 530 5746 3675 4854 9632 4035 3621 9052 2477 1186 2599 6975 7573 3888 6117 7777 8032 134 834 570 9371 3417 1642 7996 7997 590 9916
115 4184 3732 6818 7602 2907 5210 6897 4521 7998 4503 5852 3639 3079 8794 9660 4267 4972 1015 5659 1961 6775 5661 9703 8106 4725
116 8204 856 4537 374 7266 5023 9185 6996 5605 9678 9695 4083 4236 2879 7416 631 8084 7126 8526 5118 8461 6819
117 2571 5089 5554 2418 65 9103 4356 214 9055 6679 4480 4963 7932 2825 4009 5345 4916 8554 7946 51 6748 5825 1691 9990
118 5890 2006 3579 6912 1430 8506 8259 947 2924 8750 3395 3784 2891 4408 1751 4220 3637 4354 3638
119 3329 5218 3409 3239 853 7764 8150 8093 83 8291 6504 8294 3374 6180 8776 6075 6108 6266 160 6278 770 2163
120 6952 3442 6199 4826 2673 2548 3454 3893 2417 4038 7007 2025 5553 1875 2793 4597 9337 2037 8524 2817 9899 8924 6207 8596 6153 0 4348 835 1408 8319
121 2917 211 8826 9927 8348 2542 414 5843 2212 2749 2654 189 5521 1919 163 2059 5098 5057 3043
122 6150 1527 9952 8967 1920 2565 6712 1458 1423 7948 5329 517 6797 6204 6501 8707 944 3497 3010 1290 9069 6330 3097
123 6656 9705 661 9563 7211 5782 4429 5627 4360 5336 4809 7256 8052 9324 7488 1675 7618 8704 504 4350 5434 3184 9317 3185 2671 5438 5439 7783
124 6457 549 9409 7196 1637 3453 7366 1783 9153 9275 9621 5914 8604 8743 308 8561 6079 1011 7315 8405 1488 3571 1247
125 4679 5713 6662 3793 3798 5523 2504 2084 7327 1853 7016 8399 2071 8478 5126 5820 958 9258 7584 860 4660 736 7821 5022 9509 4361 5455 8884 792 4568 5467 2257 143 9380
126 4414 2112 2105 4195 8447 5892 918 7474 1921 510 6277 4334 6372 8822 5374 9491 6998 5485 6096 2502 5264 5265 3313
127 6044 6202 4355 2077 4782 3436 9469 3483 4299 8231 7240 17 8732 1782 1821 4367 1481 2469 7068 6769 7591 1205 3892 9648 3289
128 3333 8614 1589 8814 9335 9565 7367 7056 7514 1536 1425 1426 7024 1708 8423 845 8638 5030 1758 4580 795 9834 702 4793
129 585 8158 8367 1774 4658 5704 283 8481 2311 7674 6344 5529 765 2733 7328 6435 8043 7201 868 1230 2202 2203
130 9935 381 1697 713 5263 5160 1048 7043 2332 6378 2760 6669 4276 4482 116 7292 3736 4211 9951 8011 7478 9883 5533 182 644 406 2770
131 8578 9138 5161 4772 9983 6283 5701 967 8438 1742 9998 7386 7336 1026 9667 7317 9596 3929
132 8382 5034 1422 3123 4289 6957 4684 2013 6637 3198 773 7641
133 1635 210 9595 5426 6503 4628 4549 4850 8164 4304 3800 5968 4311 9339 1887
134 9401 9819 6966 5907 405 9801 9943 3215 8318 890 6622 9553 2057 8752 6050 7110 6107 5233 3627 3890 78 7722 1659 7824 7676 9196 4490 2658
135 9305 5751 6041 680 7741 9863 9582 8264 9772 5813 70 4286 4301 1258 757 3110 9677
136 7913 3435 1013 4353 7857 9224 1717 5337 5787 7032 5302 5117 7034 8755 7959 9808 5705 1903 2219 1643 3787 5474 7489 901 302 1277 4383 562 6273 7496 8994 418 9088 5296 1540 7581 1086 6348 6349 6350
137 6404 8102 4090 9282 6652 2240 1655 949 2537 1252 3174 9101 408 9333 120 3593 8603 2033 8933 305 3881 7139 6126 9954 1219 8340 1849 6585 906 495 7766
138 9768 3030 7704 9926 7445 1024 3317 8184 7341 3049 6963 4947 3553 1885 6705 2800 5732 9893 4738 940 6231 9094 5833 5011 8089 1091 7358 7404
139 8978 2681 8040 6237 6961 8715 6939 2552 4527 1214 2925 9942 6086 4820 3033 480 3617
140 1867 3693 5766 3775 9836 4154 8682 5698 6451 5958 9089 8293 4326 2285 6531 2053 9949 5585 6510 8050 3013 33 4620 2022 5388 5916 1009
141 4665 2072 4940 3845 8545 7277 5906 8067 7966 4722 1571 9697 9057 4079 7058
142 7928 7116 4657 2297 8521 6842 4781 6647 338 612 6678 9237 1539 5372 8562 2633 1072 5452 8954 8881 9825 7142 7695 2527 1566 345 5634 1044 8097 7748 3458
143 297 4706 5477 2008 8801 3799 6268 5054 5021 428 7236 4690 433 4135 5427 3806 7492 2266 6014 5207 3093 3656 107 1573 9259 7731
144 3869 3148 8462 372 7709 1883 1215 9576 3606 6332 2154 6515 6549 1617 188 8429 8674 5224 7476 8971 8972 6258 5225
145 19 1079 3663 1046 5070 8193 5915 3999 1767 883 7556 2950 7159 3227 4172 5776 9399 7138 8738 7290 8740
146 5510 8758 8566 6222 9631 1942 7065 2921 786 3061 3363 2034 3720 3441 5395 7261 1404 5138 2188 1456 7851 9404 6569 316 939
147 273 3188 8529 2523 9645 6641 8143 3127 6006 4890 7578 7523 3179 5949 3359 9638
148 5358 726 9890 8198 2781 8207 7203 6657 2969 9508 6475 9556 3748 9447 8841 2239 7063 5019 2485 1399 7703 1600 5797 2864 492 6433 9211 7688 6434 3762 9215 1562
149 9627 3542 2207 7209 3584 1733 272 2179 7860 505 6894 2283 776 5468 3419 5128 9624 1049 440 2097 5812 6090 7702 5020
150 4437 4958 9192 1394 6655 7536 6174 2743 8580 2939 7146
151 1447 3585 29 7548 8774 1232 2234 9658 7072 253 7060 6583 8356 2946 4771 1147 5854 4432
152 1888 378 8945 9980 8548 720 482 3495 698 5220 3968 9363 6234 72 2146 9105 5612 3567 5568 5056 1445 3957 9747 5884 4108 4908 616
153 9901 3816 5287 15 1051 4764 867 6908 2374 8909 5083 3673 8437 2667 7608 7339 8819 4055 2350 2452 9426 9541 2046 7518 9560 766 2669
154 3103 7759 7463 3205 3267 5092 1217 7683 7613 346 2405 2575 1440 2842 347 8741 915 642 8015 4646 2120 5316 8517
155 5693 896 4048 2829 6605 552 561 8896 9584 4853 9777 7639 2943 5346 7788 7469 5215 9604 5560 855 6035 7002 7522 1087 8078 962
156 6269 1349 5433 6360 4331 2171 5457 3986 4493 9837 6513 3788 46 9900 8600 8975 9741 7607 581 844 5280 8163 2813
157 4637 9806 5866 9238 3907 4221 9821 5091 2364 9904 427 4971 2550 3335 7283 295 6944 2851 526 5817 2853 7 8330 8331
158 9976 854 2107 6900 4396 8212 8314 9583 4006 6377 2997 4016 4362 5053 8387 3071 4412 4 2609 8156 1652
159 9514 6338 9104 9495 1500 3833 7595 6571 7286 5952 3602 6262 524 3406 6680 723 6945 4391 1820 2855 75 738 1703 5570 4442 4672 4427 3400 6193 8870
160 9412 9255 4467 9981 4866 8970 8617 6751 2649 9288 5366 5394 6811 9844 7331 8475 9575 2438 5639 6190 1183 5209 371 4723 1439
161 3257 9450 2140 6884 8062 7064 7287 9671 9419 9079 9754 904 2517 3100 1585 9201 3140 8467 4218 8606 9673
162 8351 9037 9030 7515 2568 7575 4264 4712 3438 9125 8380 6999 4735 1726 5931 5404 3172 1574 7739 5407 6477 7742 5408 1350 1131 1923
163 7249 8274 4593 8854 6218 2805 6137 5909 7510 6297 7635 7883 1651 5171 5992 1239 589 2428 7258 9843 6157 1391 6397 2367 9978 735 5290 4333 2692 4019 5910 5677 323 3769 192 7084 7845 4897 8947
164 61 187 6536 9830 1222 9151 1121 6907 8009 4920 1053 4800 2420 7113 5780 4791 6867 451 651 7079 4118 3039 8451 8701 9350 6533 6534 790 9354
165 2519 8310 1090 6399 7150 4246 9321 2682 1069 468 2833 556 5633 1043 6490 2421 131 4961 4962 3064 1403 1677 9909 9910
166 8587 9166 1386 4223 849 4347 3785 4787 4520 1105 4125 3940 2190 9408 4036 2932 9529 3882 6318 8473 103 8781 1329 5928 368 6881 4296 1076 5254
167 6916 2357 69 9744 9265 2601 6422 1628 7407 9159 826 3811 9512 7630 397 81 8542 3121 2274 5231 3150 9683 7583 2616 9051 1786 8809 8765 4265 9622 1736 8110 9580 1259 3835 4180 8966 2486 6544 4075 389 3652 2410 8226 9849 9850 5749 6869 6870
168 7957 7243 8412 7347 6885 3699 8312 1886 6089 1428 542 1612 6380 2948 1474 6953 34 9833 6383 6211 314 4451 6080 4310 1261 8275 8276 2002 9914 9915
169 6296 2904 9842 1738 5557 9054 6708 3910 2031 2762 9027 9400 369 3521 8241 3506 9607 8771 8911 5321 6651 5789 4868 9937 7696 6441 7951 9522 3886 7953 9525 3887
170 2135 3786 5602 7493 498 6983 9247 7879 4786 2861 6855 7715 9445 478 7905 5778 5918 7725 8839 1570 7154 4185 899 1813 8964 2563 7472
171 3549 7190 4642 4884 1429 7321 1591 3738 4106 6483 3191 2561 5610 3372 5984 3794 344 4837 4581 2346 8354 5223 9521 3318 2583 5435 7767 3464 6991 3902 3850
172 3024 553 6255 4224 1023 7250 4639 4535 1769 7945 7470 1899 5095 6065 2347 4417 6623 3870
173 1515 2559 7572 7693 7316 5393 8025 5552 3496 4343 5574 7755 1482 1000 4186
174 2147 8882 5743 8072 624 7648 5708 4043 2526 8720 1068 4609 2966 7880 6289 7481 7898 8808 2329 9668 1956 6753 4726 2337 5665
175 6765 6537 3160 5777 6909 3685 2375 7503 3 8029 332 1328 8228 3154 1469 6284 5550 9540 9676 7744 1118 623 4955
176 4687 375 8458 2217 1660 5684 8421 9167 3228 4698 8992 9366 1918 3331 515 5341 1671 5004 9081 8836 1894 648 6233 2730 8375
177 7975 9035 7654 7009 4523 4439 6812 2798 1953 755 1890 4991 7147 1990 8522 1354 3932 4165 2689 366 5494 4315 3028 6339 2185 5293
178 7553 7994 1710 541 133 6042 1450 7848 4089 3668 174 7841 1351 6140 9861 2133 1284 635 2098 4241
179 4829 6739 2797 2304 4938 1299 1524 5579 8990 9397 2740 7351 6560 2524 4152 3194 121 7895 4175 9318 6787 628 2758 6577 8234 9437 185 7073 5720
180 2774 3090 1363 9564 8505 3295 8760 9075 3717 6874 7638 2584 3365 3075 179 3144 912 3597 8867 1127 675
181 1273 3817 4171 6562 933 7807 5880 8976 7194 8793 52 2236 6578 7775 236 9095 7175 4197 247
182 5227 8425 2973 8309 7569 9779 5872 256 9724 4798 3782 5041 6162 4810 3696 7155 367 6147 1022 1680 4047
183 3025 4914 9045 76 3124 9774 2209 379 6859 591 3810 5703 6860 6899 2157 6993 7160 4189 8582
184 7911 1794 3632 6526 6198 7916 313 4196 9038 938 1275 4359 1922 9655 9386 8649 6947 9235 815 5608 6454 135 7128 1632 1533 4030 145 9251 3094 4522 5035 7214 7215 7252
185 9691 7041 6125 3220 6426 6745 8188 4344 1529 1804 6602 3082 520 6926 848 1971 4176 4754 7571 7369 2608 6342
186 9267 761 2261 6067 8300 2846 865 9118 5983 5792 252 7370 7662 6414 8129 3432 5804 3391 1182 217 8116 4915 5278 8851 8906 7330 5590 7942 7200 7717 3804 6230 9791 4578 2430 5339 2249 7268 7720 4215 8352 1760 8202 2638 1216 1526 5147 8648 3525 5037 3526 7219 2961 8654 1549 1301 3727 913 2200 9146 7632
187 961 6786 1784 8979 4525 9685 3036 2442 1369 5500 3054 8257 3108 8266 4411 7551 5103 1759 9814 7029 8386 7818 2914 4951 1878 3791 3792 5412 9277 4530 5414 5415
188 3055 4507 4376 8176 4877 3866 494 3772 8450 4805 9498 1686 6824 6629 4452 9375 50 2102 5670 6887 3551 2204 4434 4375 1696 1654 4676 1661 5657 5630 6691 1129 2010 3455 9432 9635 7751 5416 4531 1575 2238 7756 2664
189 2531 208 7792 9485 7580 9031 5243 531 8599 4838 1590 2092 3677 5850 1191 7173
190 5090 5300 2639 6012 6677 4566 5690 4232 9322 8220 8498 3161 7902 1484 4199 8305 9494 8569 859 4996 8572 3500 9099 1542 7589 7590 3107 9120 5311 5312 9123 6368 7611 1089 4445 6371 7615 4446 7617 1547
191 3017 2108 7080 5123 5495 2665 352 1496 7394 9884 5715 8161 9742 127 2483 5917 1361 8828 985 9807 7854 4721 4548 7385 6979 6487 3431 2318 4425 5718 4931 1202 4129 2902 7069 9097
192 7329 2036 7323 9497 7900 2942 5702 7579 2670 5101 1702 7086 1711 8621 7529 600 288 882 1555 9358 7973 4976 8558 729 4177
193 5517 8653 8848 7097 741 1192 9681 4087 278 6883 5502 4932 3058 5761 650 1467 7863 8349 8350
194 9003 1512 1384 9538 4907 5214 4352 916 8359 1499 8416 8252 8811 4919 6382 5932 3609 6731 447 1848 7623 3723
195 7104 3629 1863 9002 1480 9249 8077 8248 4550 4131 470 9181 8602 6715 535 8874
196 2788 4873 5576 5769 3636 3851 4879 9694 8960 4802 485 1050 3501 7982 6232 4229 6175 3942 6158 4341 8900 1510
197 4848 2585 8739 3475 9729 5291 5957 6989 5829 8547 3470 1352 6245 290 6116 969 364 6793 3915 9701 4430 733 9208 8244 5911 8254 6478 9320 6395 8456 5513 2795 262 2736 8424 1322 6520 9334 4054 8308 4846
198 3410 1773 830 4836 5663 1142 8869 1700 6529 9809 1523 3989 280 2228 9874 232 4644 5827 2229 8899 7216 5754 8931 1517 743 7563 4158
199 9254 3735 1981 8334 2299 2766 8428 3085 7960 2753 7893 9672 469 5364 7350 7112 8636 7206
200 7657 3170 9134 98 4404 9276 6201 9636 1604 8660 5288 5509 9873 2656 5127 7343 3589
201 7198 8955 4981 9629 453 235 6704 895 1743 1464 7521 4708 8914 6352 8525 3142 8577 9767 885 2083 1877 4611 2032 3284 3927 5616 3928 5618 2755
202 6412 5601 3746 5991 8693 6054 2459 6640 595 1303 7083 430 8948 8949 7459 9608 955 3914 3274 3275 322 9614 3277 2750 3279
203 8736 7092 128 3651 3157 6730 2076 9929 1977 8853 2458 3383 1706 5148 6354 2294 6701 605 3595 9764 6185
204 610 4494 6575 6248 7791 6205 8415 484 6337 6142 9964 4073 3219 7896 5108
205 7965 2060 6356 5182 1644 1980 4250 6164 399 1449 6929 5736 1234 6229 9723 3014 7356 1344
206 400 617 9481 7193 5756 3708 1123 1208 9917 4092 8512 5221 3225 330 6129 5444 7480 7132 4226 9253 4390 7335 2625 9172
207 5402 2511 1010 5853 5400 7078 7197 2021 694 7222 1603 3339 2587 5562 5993 984 9342 2302 4418 8891 4160 6613
208 6069 802 3249 7162 9912 1402 2351 2991 7018 3680 9073 4912 5528 3355 8017 6055 8186 2978 5062 2028 2707 258 5270 6351 2693 7238 7100 4401 7758 1385 2358 170 3337 1658 79 9803 971 3341 6840 5723
209 1593 92 1803 5425 6538 7558 6642 9882 9395 8968 6709 6325 588 6591 5617 2136 4982 3301 6176 6464 9895 9787 4813 13 3440 5891
210 117 2512 5332 2180 3773 3393 9823 5567 4957 6420 8560 1861 9928 3905 1597 7466 7761 5133 6167 5908 7006 6264 6798 7067 1811 5326 7473 4082 8769 528 5800 312 9501 4272 6781 9343 1268 2545 5969 5073 8402 2594 2623 7133 1646
211 8557 9068 8420 7882 5112 1062 6825 852 3645 9183 7616 6056 5660 3726 8754 3832 9908 7886 8805 9379 23 1673 8014 3003 3734 522 1851 571 8552 9488 6631 6632 5538
212 3371 6327 9402 6649 8664 5045 8413 8993 6319 7231 7588 1578 1029 7740 6611 4808 1164 8087 148 6853 3349 3350 603 4790 9829
213 200 172 902 8892 1414 4875 5783 9364 2132 7647 4777 3776 1365 8121 9592 4596 576 7806 1133 7337 3642 8322 9214 5334
214 5205 2686 7191 3469 8510 5700 6163 3278 2284 1017 7961 3201 9856 6791 5197 1638 9269 291 9154 7621 9637 3931 9639 1633 4695 9642 8053 8054
215 4349 1491 4260 8290 9226 9070 8820 293 5194 9006 777 3834 6238 8109 2177 6007 5935 8581 6099 181
216 6822 3208 7346 7468 4128 543 7322 4351 1959 8245 2690 2075 1405 4051 3320 7012 2721 9903 1797 721 491 2490 5900 4757 9770
217 4307 41 7398 1601 2641 493 9623 3052 5347 2850 1165 8912 5475 4464 2186 3554 4290 8317 8315 8205 5051 9898 5002 1019
218 6724 6039 1160 9640 2444 5858 5537 5042 3498 487 771 6861 356 5271 5155 5088 2012 7495 4465 2127 8066 1180 7264 4242 4243
219 3168 8378 2074 2622 3016 7037 1310 7260 2956 7333 3096 3661 5000 8678 7400 4447 1817 6070 2494 731 1139
220 8342 1845 2748 196 6155 2613 8748 8088 6747 813 5681 5100 8759 534 1607 1144 9664 4702 5257 2259 9126 7597 6573 2666 2019 3971 1378
221 2735 2566 3418 5885 2927 2802 3119 461 2898 4784 9213 996 1785 1444 5007 6103 8812 7872 4053 8513 2574 4688 1616 7981 5972 7530 6177 8556
222 3200 9127 4285 1251 5491 2393 4384 2722 5032 8105 963 7047 2473 1519 819 8679 8845 2995 597 8482 5046 6586 2704 5501
223 3005 6119 5757 6967 2079 8973 843 8263 6921 1431 1709 4085 3007 2596 7169 2632 6043 5183 9244 2309 8289 2778 891 4952 111 796 1858 263 9854 8230 2816 8232 6872 978
224 6695 9707 7186 9680 3122 908 6474 7912 3490 150 1592 5219 1870 5309 2093 9822 8383 5097 6785 7782 6309 3034 3683 6990 937 1095 2408 5432 9309 6505 9311 9312 4545 6507 8278 9918 8279 8280 9921 9922 707 5784 4040 4041 4042
225 4761 2661 7891 1721 4832 2348 9704 1175 4694 8504 8531 9230 5919 5085 4551 5673 4457 9193 6187 4240 4000 9239 8061 3715 5587 6445 304 9558 3922 4683 6717 690 8036 1367 1948
226 8699 8445 799 5600 7516 9630 1690 7907 2303 3594 8056 2823 4905 3507 4005 7773 3081 8677 5410 888 3322 1732 722
227 4080 9546 3826 4227 4170 5990 5837 4141 8272 6625 686 6707 2040 9348 2068 508 105 1707 3078 8004 6928 1130 8635 2024 2734 7974 9145 7131 2221 573 2223 7705 2224 3771 7708 3158 4509 2225
228 8406 4056 502 4387 9406 212 7019 377 4426 6806 8991 689 2264 4491 249 1756 8656 9894 11 8049 6376 3353 2328 6343 3434 6057 4337 7105 5950 2450 8519 361 667 6439
229 6304 7877 7837 2397 1716 2386 3625 4497 279 9444 8672 309 4342 429 360 7185 632 8611 8612 3134 7989 9567 9568 9569
230 4225 8698 8075 8591 9420 760 8689 6801 9855 3707 7094 1401 3598 6303 3822 6495 6256 45 5871 8946 3998 2612 1476 171 2218 3040 3390 8716 8717 1038
231 1200 5861 6196 3862 1518 4636 4499 1907 4770 824 725 294 1792 1397 1155 2727 2005 6941 4925 7161
232 627 9947 4450 2324 8261 2116 7738 2381 6276 6034 6027 5151 466 625 8 8540 3484 1213 8543
233 1372 5771 7174 4664 9641 1081 2383 9939 4397 3212 5635 4613 3650 1649 6346 1167 2406 6826 752 3243 1611 1279 593 9438 8751 538 269 8141 205 7540 4904 5179 9721 8119
234 8146 8804 4749 9180 4111 639 1143 2345 9130 2122 1827 1538 1520 3235 7388 7031 3676 4269 142
235 6875 4585 7048 2121 7967 2129 3342 9016 6528 9862 7096 1126 8487 8411 3287 662 995 6964 2862 3825
236 8133 2292 3181 6574 412 8576 1941 1854 3953 7672 2400 7850 1683 4103
237 3067 100 6121 1004 1355 1796 7090 4330 2419 1246 620 5355 5492 5975 1847 8501 1207 7826 3820 9374
238 7357 9464 7840 2928 646 7380 2910 970 1541 3908 2404 3060 1749 6508 4438 3561 8206 3343 1341 54 4483 4766 1653 8174 6828 820
239 4742 9137 6329 1735 4713 9463 2751 4443 1810 8650 442 6357 1168 5301 7735 2111 3868 5687 4626 5368 3126 4178 2463
240 7993 5717 6026 2141 2412 9093 9979 952 7774 7520 5643 7377 6447 4132 6088 5939 9536
241 5440 4502 8379 1734 6247 5442 9012 3231 1747 2279 8074 2462 5156 5186 9285 7671 2779 341 8047 7760 8527
242 9974 9316 1494 7379 8395 9487 2900 1771 3101 9483 7935 4440 1237 1916 434 3195 4114 9142 153 340 8571 745 6688 5985 5728 3448 7427 257 5644 9056 274 2976 4364 7049
243 7585 1257 2176 5043 7148 1879 5167 9828 8170 8871 5641 4149 3422 2411 5542 3246 5544 5545 9499 2724
244 1830 6305 2809 3879 2539 3765 4366 6563 3939 8549 9572 3874 8857 6282 373 9551 9755 4257 4631 7152 6616 82 8861 3612 3613 4325 8865 3644 2554 8939 5266 7537 1285 7539 3087 6311 5269 220 6314 9049 2586
245 7141 1874 4485 2061 5816 9613 7804 2626 9000 716 6923 4727 8145 4737 3002 6576 8744 3560 4865
246 3197 3697 6381 1111 9273 2216 7876 7325 8918 3262 8115 1135 9232 6682 3473 1979 9907 4380 31 8877 3380
247 975 9144 3531 6896 645 4720 1534 2680 4217 8316 7479 3997 7552 3351 2023 4074 1911 6905 7212 5947 7452 4967 6789 4473 4474 6405 7968 9545 7969 2300 1619 1136 5573 3897 5575 6675 3259
248 6265 6476 2799 6850 7014 2039 2557 9490 4011 4070 8844 4881 917 4627 1712 8281 8341 6294 3032
249 8448 1560 2981 9421 2414 5314 8930 3472 2522 5980 5469 9271 5834 6005 6358 6522 8255 9217 441 4212 3407 4606 2691
250 1995 772 4300 6120 7633 2754 5503 5658 7149 1338 8419 7284 9060 449 4386 7560 5822 8114 7803 8162 8168 5461 1966 8633 7204 5029
251 4733 8996 5351 4944 7085 9264 3754 582 2042 1668 7598 9062 490 7326 7796 6134 5303 2183 198 4190 9989 919 3700 333 540 3132 3099 2785 7257 9489 1225 59 8080 3950 5646
252 565 7846 248 2464 4869 9712 6633 7561 5245 7372 8823 1271 4744 4266 1460 2153 8833 3360 6660 4621 4382 6972 2067 5741 9958 21 7332 3485 3015 3923 7836 7979 7251 5543
253 483 8229 688 8039 2506 2295 7910 1373 2317 7497 8472 331 386 3653 8095 4753 2449 7603 2606 6364 7606 6365 2610 1300
254 6189 9846 7794 396 8950 9023 4992 2990 1065 6253 2837 714 5882 703 7099 1265 2700 1382 4533 3764 6406 5747 3183 7835 9415 2265 421 4210 1093 1808 6246 1809 89
255 6735 8686 5386 3537 1132 1727 9593 3963 6215 6040 2647 5015 8058 3151 6588 9279 2339 454 7752 1841 6300 1825 6302 9034 2172 5471
256 6547 5711 8434 9769 4807 3146 2589 8951 2174 3524 1030 7513 3583 282 27 2570 5145 3452 3529 265 8523 6479
257 2784 921 1433 9298 9229 3474 3842 8492 4880 6064 318 2048 6777 9346 5099 4415 1477 6240 6429 1844 2980 8709 9689 7087 6509 2389 5685 7382 4251 6500 9168 4281
258 533 4078 4867 4792 8768 9141 7282 3938 3173 9136 7528 8969 1317 2471 4514 7291 7199 5075 8735 1452 2936 4987
259 6228 3112 5799 1250 2556 1667 3672 5031 2323 2547 9225 2960 4137 1181 924 8181 5638 9798 5772 4579 9562 2054 8270 2262 8647 7035 7036
260 6710 5996 6473 3311 1272 5213 7434 2352 1729 3779 2551 7226 8806 9847 9920 2220 4990 6920 6442 678 2732 6243 1945 2931 1032 8757 4413 3920 6664 3586
261 6418 3364 4986 8615 1348 6927 5748 6821 1750 7921 2607 4144 1197 6866 350 7747 1548 3519 4469 1698 3254 6016
262 2603 2869 2711 8213 8962 1630 5686 2453 4937 7446 1681 9948 3657 3269 202 90 4985 3930 2156 9188 5196 3008 8651 1608 9212 7026 8468 2361 3000 6448 1174 5894 9970
263 271 1511 9158 2078 223 5851 334 9098 9997 4886 5859
264 2278 9202 8901 7176 3292 1409 5379 8288 6274 6267 9788 8536 5422 8140 5165 3272 3728 4151 9527 3240 6592 2011 4288 8249 638
265 2507 8856 6031 147 2989 4758 9026 1371 3177 9732 4860 7669 4751 7485 1483 8683 4697 8384 2873 5857
266 328 9511 560 4249 4970 8200 7449 162 8661 5129 2631 5946 4896 8567 5591 5848 8215 8216 8217
267 2934 9133 9187 951 8073 3169 9106 8268 7679 5674 8550 8446 6970 9941 3299 152 4512 7254 4466 255 5418 259 6295 9351 8927 2030 5157 3809 5607 1865 8887 3035 2138 2544
268 2123 7020 554 9071 3721 6455 8864 6722 7867 2715 1316 569 243 798 5283 4230 7054 8083 4476 2773 8100 1150
269 9996 5295 9286 4653 4274 3534 1233 6149 6235 5441 5898 5786 9428 3217 9516 547 3568 4632 2336 2087 8355 6052 6093 7304 747 6113
270 1609 7438 8486 728 10 2875 126 357 3263 9044 3163 4746 9682 7729 5038 8172 2970 592 6214 778 9533 321 1929
271 8484 6402 2235 4602 1897 2431 8772 7698 9870 5107 3590 3282 6646 6728 8565 407 9248 3171 5281 5606
272 2986 4028 7117 1755 9817 3565 6772 7397 4827 5338 960 5170 4460 2027 6553 3742 7338 73 5125
273 3654 175 7614 9734 9361 9425 5484 2288 1039 3581 5239 2604 1987 296 6417 6595 7784 6514 124 9326
274 4935 4208 7864 2992 8713 523 6512 9297 9190 7716 7870 5040 6910 1746 3731 9407 4988 5878 668 9108 6949 8381 5770 5938 3960 8117 2863 8894 1506 8634 1148 2441
275 1313 6409 9394 4066 8670 5860 6839 4121 5622 7619 1434 4436 7345 6166 6394 654 5177 5645 4287 5846 7977 2308 2905 2227 6690 8000 8001 5647 1958 4716
276 2465 9869 6767 9313 1912 409 4667 3261 2497 6020 3137 4470 5260 500 1525 8733 5796 6236 3465 5737 3478
277 8559 3541 2181 739 7574 649 7334 9649 2899 1532 8539 9945 8325 8208 5762 8815 8142 9323 2454 5814 6959 1718 8002 5588 1939 6693 954 1626 8008 5592 2312 2746 8012 8013 4671 6700 5596 6702 9599 9600 9601 5597 8019
278 9757 5465 7830 4058 3686 1857 7746 9839 9959 4508 3312 4862 1487 7517 8663 9383 2055
279 6139 4421 7576 5540 8952 1598 7762 3083 7344 9410 812 3428 1688 2841 1770 233 6497 5564 2705 1621 9715 681 8240 3943 1522 3711 3712 3713 3111 2843 9956 8311 6934 6935 9960 3388 1682 2845
280 1757 5598 7406 3203 7208 9382 5417 9902 2160 3841 5132 6178 5396 7046 6472 2437 3376 5489 5832 9048 6315 3255 914 3741 7649 6400 1304
281 4071 5719 3366 9537 8766 2082 8624 1842 537 1203 2590 3187 8608 3604 609 9307 5855 1801 6212 8895 3626 8897 8898 7943 3884 6650
282 6410 1040 4969 8502 9972 5584 6366 3135 8817 5211 5558 3027 4400 5016 2834 3479 4928 9301 3026 8837 1701 4755 9765 9766
283 6711 7207 8407 5486 9889 4258 7137 2832 4166 7030 3352 9021 1606 42 7646 999 4294 2481 2962 9427 4479 4501 3153 7700
284 6913 4973 2260 315 1110 1324 4825 2362 7504 7634 9434 9210 831 4319
285 7499 4346 3398 2399 6752 8840 4863 6523 8644 1443 3251 6862 3494 97 2173 9547 6681 7550 63 8533 9122 1904 9727 4743 9010 9977 5149 8838 2130 8301
286 3972 4756 3789 4696 9778 6925 4840 870 6561 2896 785 6673 2719 1859 4162 8414
287 8890 7787 3807 7448 5014 5803 9284 663 5307 3808 4847 7443 9302 9535 4669 3876 9 1699 9005 4392 4393 6285 7509 5248 2165 6288
288 3375 6893 1412 7066 8767 9357 7737 3701 6179 6312 4878 851 1789 5925 509 7541 6790 5488 3906 539 7454 9252 4950 2726 1983 7307 3569
289 2166 4115 5881 348 7712 7707 754 8258 2859 9367 213 9222 6754 4974 4647 4681 1670 3241 2325 6846 5905 9149 9157 2394 1073 8696 7869 9591 8132 3702 5978 1722
290 4020 9156 3710 7999 1376 1016 9848 6114 2621 2379 3641 4883 758 9013 218
291 8262 4855 8191 7444 7933 636 643 9832 4930 3961 4748 6628 4235 4313 3086 8460 4864 7697 8574 6535 4731 336 7001 8925 1805
292 9805 583 4255 5409 7763 9799 2684 8725 5154 178 8459 1531 7420 99 5121 1419 6844 5253
293 9965 1101 3601 5764 4014 4718 4682 219 4852 3575 8003 5267 5255 3539 1836 7658 2423 2908 5926 4140 1545
294 5049 3778 5017 7811 4703 4147 9152 6763 9050 7279 1544 2940 3559 5561 3889 9530 5563 9532
295 672 5887 6877 2919 5208 3141 6940 8357 4368 1766 2099 9585 3229 7809 226 5454 2252 7813 7814 6539 5456 2253 1892 5459 7820 5460 4563 1327 3819 7825
296 5282 4247 8033 9784 5904 6370 9372 2619 2549 1926 727 3011 8005 7659 2812 7295 4303 9818 8847
297 5727 5381 6182 1580 1521 5710 6078 3462 4555 3077 1012 275 6734 4849 2489 1389 5298 5447 5845 5463 7533
298 4984 419 2426 2143 8747 4481 8485 5815 8609 5009 7000 9209 5308 2558 1876 7622 3502 7435 7506 2672 3516 7061 7402 3872 1418
299 8370 3167 3557 4966 8984 575 5675 5180 8643 5216 9911 2630 158 7396 5236 9746 6988 2301 6661 5515 2226 8658 6145 6568 5623 8777 764 7723 5883 207 7111
300 8832 3596 9561 8079 9633 1415 1353 8800 8285 5262 512 889 3756 4762 4280 6072 9218 6195 8006 8396 900 7482 3063 8980 5272 5273
301 3603 5012 66 5473 8440 2128 8160 9330 4369 3116 801 6904 4449 3467 7885 8863 9220 2528 5173
302 519 5654 422 1364 8426 3222 6389 5724 7564 2688 6604 9634 5079 3600 9162 110 6598 329 3084 20
303 3546 8868 5809 9270 5519 9327 2761 2003 6666 9340 9369 746 1244 2508
304 6053 6836 6133 5994 2600 3783 2439 7610 7353 2051 6829 5824 2341 2104 8516 8646 3912 4730 4845 8807 9435 7858 614 866 9173 4182 5589 5357 7644 201 7015 5930 1161 4570 5354 566 6524 224
305 7230 6244 982 993 3921 1689 2652 4654 1647 9043 847 4828 8209 5582 877 2535 4100 5945 2496 9295 3552 4859 4458 197 4275 5024 6834
306 394 8555 697 9513 732 3211 7605 2306 822 1952 9955 2158 2847 749 2521 6136 86 1495 8789
307 423 3692 9121 7172 2402 1037 2484 8427 9713 9659 7995 1096 3766 4459 2354 8151 6914 8727 6521 9336 5443 7795
308 5856 8243 2320 8134 9436 4851 4164 3213 4478 2044 7797 1253 3948 2403 2340 2500 6225 5487 1184 5109 8130 7828 3059 6911 8046 4691 8048 3286
309 4648 5087 4008 5380 8159 4423 5403 8598 6841 968 6852 9377 8680 3896 7544 1497 653 8641 1559
310 2720 6922 3477 671 9319 1078 9880 9143 4775 96 3918 5061 1448 5013 6564 1337 1021 3023 1462 4844 7964 4650 6667 1931
311 5086 6607 8773 9477 2327 3859 7384 2501 4804 4012 8360 1067 5755 2877 472 7980 1137 1935 7983 1622 7985 7986
312 4794 5628 7874 1634 3640 6670 3463 2831 2957 5981 3919 6820 6036 7871 7271 2804 1816 7447 7786 5153 9692 6614 6782 8618
313 768 615 8637 9199 4689 8610 2710 8662 7637 3382 1229 4574 6049 2985 327 1356 4649 6665 3899 5578
314 825 957 8464 4767 5238 9804 3493 6345 458 7682 4645 3691 9785 7081 8938 5076 4044 1493 5350 9506 1485 3678 1618 8849 6388 3959 7577 6955 7123 3688 1552 2620 3737
315 9625 7103 402 8101 622 425 7217 7865 4433 9077 839 7914 1790 907 4033 9944 5999 1508 4651 3757 114 9036 8780 9797 2251 2493 437
316 3294 6485 5955 4327 6799 1891 1629 8016 7798 3392 8977 1321 8223 3206 8515 858 5831 9384 705 1772 7781 5923 748 8762 4268
317 119 9505 1453 618 3114 2662 5642 1331 9242 7711 7387 5199 4562 1943 9812 7262 1762 2849 5413 8377
318 9347 4882 8155 6279 674 6437 3573 7802 4582 1151 1125 5384 9946 2047 5725 4168 1117 3814 5903 8320 4145
319 32 2377 2390 4584 9652 6068 3416 1098 5292 7927 6552 4892 6192 4870 6938 3610 3592 3509 5943 9155 577 1063 3827 8126 1128 1641 6271 8210
320 474 2828 1557 846 9738 1723 5888 1332 2657 6634 2893 3865 3358 104 8961 25 9780 9047 6720 53 2282 7947 9287 246 5942 6045 393 1149 9756 9117
321 4980 8694 4150 3424 8551 4942 43 2906 6671 8394 3226 3074 9826 1025 5178 1152 1442 5342 8528 1446 3480 4795 4013 5788 3378 5790 9931 9932 5791 2836 6917 6918 6919
322 9164 5359 9751 1102 6582 5626 6873 1724 3538 6091 3293 2918 6095 6421 3719 5348 3745 9176
323 4112 3875 3384 2020 3770 7810 5879 6062 2241 9150 8889 5691 3449 3175 264 8919 3273 598 4142 8893 108 1663 3128 7302 7667 3346
324 7471 5516 4643 9065 7401 1176 5371 1896 2468 1779 5692 7958 7805 3508 7728 6683 4373 5640 6287 2342 68 2683 6624 1837 2175 4936 2103 7405 8507 5571
325 7557 5304 1833 1113 6985 6984 5377 141 2663 1693 9433 6413 2198 658 8835 9462 2081 7664 2629 9308 7888 4504 8218 9431 3113 4156
326 5948 8338 1862 1104 7829 9496 6548 9969 1563 6431 789 1188 7340 9315 5518 4312 4814 9446 4891
327 7430 633 6814 354 5201 8903 5052 4634 5680 6363 3315 6328 1964 8307 2789 30 4618 413 2870 3844 3336 9200 6555 6489 6878 898 1060 4338
328 1240 1109 7342 2270 7894 9810 3574 3667 2401 5559 2892 4710 3022 8034 118 9975 2611 9460 4001 5863 7963 1187 4456 5204 6453
329 1674 6903 5902 3790 3433 1872 9666 9228 5120 744 7971 7498 7273 186 8192 6270 8852 6449 7095 5436 3633 5198 6226 6227 762 8921
330 5668 9617 1838 9815 7609 6462 7179 4263 4824 9665 4253 8734 4468 6954 5247 7170 362 6968 5003 7163 3503 4191 7166 4192 7168 4193 3504 465
331 8787 7690 342 85 2330 4607 8932 4046 4291 2281 5163 5548 6359 3136 9353 4138 8391 2321 1204 3857
332 9314 168 3334 6902 2782 5250 4623 6756 2479 1504 997 67 5738 3895 2546 2572 6106 3996 3095 7976 2819 3264 2307 7992 9573
333 7465 435 1221 8652 7525 1768 2498 9442 546 5036 6385 9857 2149 4796 8714 7136 5964 2772 4898 7753 6792 2139 5068 6610 6154 2049
334 8711 3530 2429 3947 5172 4989 481 7414 9718 7062 9053 7500 4431 4541 7832 2660 4517 4052 3514 8120 4861 8337 840 3402
335 4910 2245 4788 7687 2706 3466 7757 1169 2214 9841 2191 6396 5226 1974 4295 6074 8700
336 1465 2543 881 9710 8038 2513 7629 8855 4039 7875 3937 4797 3864 2933 5897 3681 4471 2886 5979 7044 8185 2353 5707 3987 8169 2794 8171
337 2783 1970 3990 9720 4699 3443 1045 596 250 3308 4565 2058 9528 420 5839 8613 1740 2070 5973 1055 9967 2848
338 6123 3176 3414 7234 4050 9114 2913 7491 1 1036 9189 8137 3730 3125 2617 5331 3733 6390 2618 8235 4018 5753 8238 9865 4803
339 6239 1968 1211 6566 6601 4297 3038 230 4834 74 8237 183 972 9647 5105 4238 6697 1933 2199 7213 7484 5867 8409 4448 6621 2698 7600 7601
340 8803 9992 3451 5008 8830 7392 1393 8917 740 3232 930 6556 9896 1778 6001 9524 1924 8514 977 5242 6958 7057 1478 2499 1479 8722 8321 836 1410
341 1503 1220 4819 6898 137 1436 5367 1119 2168 4032 9174 4183 9793 8778 9359
342 8435 8681 8940 9303 8843 3489 2977 701 8027 8136 1196 2533 604 9802 1231 1586 2540 6559 3934 8057 8332 8333 611 5821
343 6831 4153 3138 7246 8783 9362 173 3323 8937 3164 6530 503 8474 5 791 4911 6761 6
344 2056 5712 9262 3666 5847 3802 6888 8873 4902 634 6094 3599 5951 8400 6100 5826 2195 1296 6391 2844 1291 4588 2965 9066 1116 317 390 2880 4271 2114 2998 8770 6721
345 666 6689 9289 3394 9328 1537 1639 7365 7453 8511 2810 6299 3118 9204 1362 8183 1928 2310 2069 6257 9726 8123 8124 1375 3965 234 1377 1645 3969
346 3616 1725 3925 9985 821 1999 2447 7532 8746 2466 4086 1806 5353 5785 3297 7409 4181 5987 5988 9281
347 2883 5025 6098 8534 6800 7562 4789 6802 6320 4616 8553 4284 8422 1514 1704 7017 2210 6419 2211 4488 5361 7673 5362 3755
348 497 6749 8585 601 9790 1357 2856 1498 7106 7592 5217 8706 40 8107 9966 8286 8986 6028 3001 6496 1395 6423 9257 3415 6482 8538 8753 2993 6111
349 2436 4724 897 7724 7312 6930 7650 2109 3750 578 9539 2580 3796 7699 6835 2555 3385 2425 810 5142 2144 3705 5010 8594 9439 144
350 734 7612 1625 6784 2482 4062 683 8361 5106 8936 3166 7165 8503 7093
351 9306 1346 2790 1245 6832 8063 8103 4635 6882 7220 3332 6838 1236 8886 5621 351 3280 5203 1927 9076 8165 7776 1882 4015 7972 5058 6250 8959 7467
352 9078 9011 1994 7915 2244 3973 6254 6962 9519 3283 16 9971 5508 4622
353 8203 5678 1799 2159 4734 6974 22 586 9135 2901 4560 4571 8697 7743 7727 6047 5763 1463 2343 6077 5315 2043 7483 9223 411 3305 4977 3903 8345 6960 1185 1694 9999
354 4693 5234 7224 2184 2319 385 8250 5651 7779 2086 8335 1787 3803 2624 301 5960 8532 5961 2926 6644 2839 4049 5798 2840
355 3281 3605 6316 9696 7512 6541 1263 7984 6833 8127 154 9453 7225 5141 759 669 2650 9243 5390
356 109 4815 5920 6663 7988 1319 1471 5611 2646 5648 9605 8256 3801 5767 4419 6627 5953
357 6206 7477 4652 1489 5662 607 4495 6946 6762 5709 2614 3843 5050 7627 2178 1396 8339 5835 4587 4060 2602 7108 782 5929 1381 5116 1965 4155 6868 809 8353 4461 8469 1915 7218 5033 1074 2888 2038 8433 1359
358 5235 6220 8629 3325 3314 1902 7227 9160 5391 5080 9113 6416 2852 2416 1334 9059 5490 6992 18 4378 5230 3984 3985
359 7314 380 7109 3991 7010 7567 6450 6550 8831 9934 4093 4335 6362 4572 3587 5327 3399 4102 6130 7158 4769 2866 8336 5735 8221 56 8443 532 7042 1084 2597
360 8784 4328 4119 3722 7298 1889 8496 6937 363 9245 4519 6335 2277 8497 176 8499 5937 8535
361 9733 7428 6924 1605 3373 39 935 2272 4394 5844 4979 4675 4608 808 7091 2988 2472 7424 1035 2491 3543 6242 195 5531 9476
362 9550 4410 6956 3403 8239 682 8494 5310 4933 7354 4027 2678 2994 167 349 2289 9004 7625 3120
363 2538 9619 1323 1100 1843 6340 4615 1568 1913 4029 9457 8189 2231 2205 7363 155 9725 4084 9009 6854 647 1818 1754 5781 4161 911 7436 7681 9203 1558
364 6466 3830 5285 5899 1387 6324 3499 2792 3936 3131 4357 7423 1312 8453
365 8236 7120 6741 6398 3271 6977 4371 9728 191 5750 4752 8463 6355 1088
366 3821 2738 6965 9557 9737 9475 3740 1005 3199 8179 8401 5730 3532 1839 2532 2826 2189 3695 7378 4462 4463 983 2267 7426 5886 1115 9387 3204
367 6706 950 832 6484 6122 5094 130 2780 2142 2018 555 9717 7395 4321 3611 9430
368 3555 57 1407 730 2110 8020 9722 4595 2645 5656 7543 9571 6038 3725 6551 4668 2080 149 9986 9129 4900 5877 4901 2897
369 1097 8586 300 9015 1008 6387 467 4398 7125 4575 7130 1432 8045 4715 3056 1383 7362 3724 4741 9739 5682
370 4601 3540 7129 9140 5060 7134 3104 1831 8761 1199 5525 2676 9500 2974 9740 7144 3046 1472 7714 8147
371 7685 9845 8902 9702 6173 3904 1685 93 1828 227 4187 5421 9085 1171 1162 8358 4997 8303 8810 2370 8729 1739 4564 8076 5322 424 3871 6626 7917 7918 948 9484 2287 5536 805 4841 452 8304 2007 3386
372 4455 3066 444 2648 4024 382 6197 244 3117 2248 2916 6716 6008 7868 1954 3248 1798 8197 6725 7300 3387 8623 3344 525 6895 2887 5865 1880 9290 6492 3797 6494
373 6424 1986 5193 6138 2062 946 3429 7177 6469 8749 2256 4893 1596 1666 4975 8242 8144 1824 1014 4122 9131
374 7862 4017 2972 194 1932 5802 7127 7719 479 2134
375 9274 1475 7180 2206 7812 6407 6703 9449 5941 6181 9930 1243 123 9597 3563 7233 6973 4922 7053 1006
376 5387 2293 9090 2275 5569 6161 5305 1466 2505 3946 742 2263 9029 4960 1094 6906 7754 7122 8051 1308 9579 4505 9240 3515 6217 5119 132 8880 2593 5063
377 5721 241 6969 501 4906 9080 2756 9186 7856 8297 9381 38 9169 7844 2409 4554 4277 923 784 1569
378 9670 9207 8302 7118 3149 833 3578 9763 9110 1179 1989 1461 9578 9041 2763 788 4188 8626 8859 2592 4983 3492 5977 8913 7433
379 206 8737 7701 4173 3006 1413 1468 9074 9455 1289 5277 486 5122 756 7242 3558 5499 6933 8044 5449 4556 4557
380 3445 9165 2167 7381 9886 6692 1342 3045 567 5921 5261 5739 4340 6516 9868 140 5325 9615 5373 5683 2929 7978 3690 4778 4779 5726 9811 2363 446 8195 8196 2806 1662 8199 5731 8201 973 3347 9938 240
381 3411 9452 5808 3147 9761 5064 7389 4776 7668 6059 7665 2246 5134 7570 8705 1163 8692 1610 6183 9936 4127
382 4428 7040 8157 2577 164 7156 4656 1223 138 5954 6771 7770 477 122 6932 2254 4026 3760 4472 94 3152 1583 6726 7462 7547 1241 6281 6936 619 5115 9646 5873 5874 5071 2152 8957
383 277 3029 8328 6698 7490 6331 1937 2119 3949 9570 7205 7098 7689 5810 1260 8665 5532 9416 1988 3846 1075 9368 695 7153 7299 3309 9124 3268 5752 8756 9086 2701 787 7721 3088 5506 6301 4956 1588 3694 5344 5595 1812 9413 9644 6210 818 8138 8139 2786 3975
384 7677 992 4709 459 2424 3729 7418 3437 7461 6880 1368 6636 551 2801 2582 3481 7706 6428 1490 2679 1437 4133
385 489 3958 6757 7267 5779 5870 9594 9662 4946 4061 3520 7954 7593 7410
386 3544 245 1910 8799 8148 5913 5593 8659 4489 1033 7071 2004 9028 3155 2478 476 3767 5624 712 5162 1614 3076 6291 1823 7899 3310 4729 9711 8113
387 8219 3966 1997 8376 665 2930 1930 6699 7546 1255 2016 7248 880 337 3260 4680 9332 932 7244 5773 7604 2094 1427 8862
388 3129 1406 2675 8573 2250 5794 4830 2854 4871 692 7075 2984 3145 339 5330 3348 3290 2091 5096 3718 3012 2628 3749
389 169 55 4666 3669 9789 7440 2644 1457 4148 8096 4402 3703 2371 5505 1318
390 1984 4228 7135 7920 1281 8273 7143 5093 9236 5252 2752 9115 4994 7221 7955 9331 5774 3256 1623 879 3684 5470 1141 44 5044 2964
391 3855 6718 6058 9526 1041 6452 5352 8233 6313 5191 9356 3548 7413 1001 9794 5714 9796
392 6361 2963 156 5971 9283 724 285 4801 905 8983 139 5768 7023 6589 6546 2890 7038 7039 8441 1003
393 7319 7816 709 9968 6025 2045 2052 4889 2201 2915 6146 4516 7670 5974 3298 7157 1744 1020
394 6307 462 4117 2776 5514 8785 2470 2314 4256 1424 8247 6459 2884 1679 909 62 2161 3408
395 6804 4544 7456 3377 8493 6033 9924 8153 2396 4995 4553 5745 8222 2814 2815 4799
396 5716 8708 892 102 7941 4594 8324 5838 6261 6857 7962 5168 1388 7076 7745 335 6774 1934 5081 5284 4598 1061 8974 1793 7297 4909 7519 4399 2169
397 1054 6172 4965 1248 8628 1687 8068 8476 6286 2945 3258 7582 7511 4513 9148 9008 3983 8397 1134
398 6438 9341 4167 326 7361 2771 8099 545 7730 9687 1947 514 3847 3404 2768 6219 2150 1656 767 4619 9933 7939 9422 5556 9730 3768 8788 8224 4254 3102 8495 8639 6788 936 1788 811 7789 1157 9792 8178
399 6003 922 599 7769 8620 4323 3828 3752 6776 9163 4954 5164 2242 9588 6891 3379 9518 5365 281 4126 6994 9461 5524 229 7904 9465 587 9467 7906 3237 3238 7909 9472
400 7768 9429 1193 9566 1852 9205 1996 9758 7324 4567 6779 8929 8718