185
6 6826
7 2152
8 1205
18 8332 1989 4213
25 2940 8863
27 7055
28 879 5747
33 5242 8864
37 9033
38 5338
42 8593
45 4931
48 2200 3814
50 9528
51 7992
52 704 7755
53 2755
62 6381 1900
68 5791
70 116
75 6232
76 3353
79 9317 4611 7849
82 4655
90 410
97 5765
99 188 9099
102 3111
107 2772
108 529
110 7032
111 9593
115 3605
116 6822
118 4317 2078
121 4720
123 2857
126 5442
127 3993
130 5316 5914
132 4859
140 818
141 9321
142 7380
147 6113 7146
151 9102
152 4347 5660
153 2334 2421
154 8433
155 7960
163 2573
164 3326
165 6784
167 9463
171 58
172 5940
173 7852
175 1649 3850
176 2531
178 3240
182 4487
183 2625
184 8947
185 431
186 1658
187 9661 6454 4242
191 7864
192 3220
193 2387
197 4690
200 6058 420
202 3775
203 9279
205 9493 2891
206 5391
207 6233 4085
208 4418
209 1418
210 4611 8542
212 9248
213 2603
214 4949 8115
218 2455
219 1877
222 3335
223 5516 403
225 5560
234 4477
236 9243
237 3579
238 404
245 1944
247 7697 4750
248 7023
249 5863
251 4373 1370
252 5339 5012
253 528 9523
254 9253
261 4968
263 6341
265 3989
266 2578
271 4473
283 748
287 301
288 8206 4291
292 6525
296 4848
297 4391
298 1249
300 8299
305 6457 8083
306 8816
307 4543
308 202
310 9309
318 7657
319 6512
320 2391 275
321 7393
323 7725 6725
325 6671
327 5340
328 9551
329 1753
340 3769
350 6911 9018
351 4968
352 992
353 5779
356 5987 3162
359 9713 5601 2269 6986
367 6413
371 541
372 7840
373 8963
376 2907
377 1726 5209
383 6068 2148
385 9675 1482 2977
386 5402 208
390 1385
391 1679
394 2452
396 9883
400 3875
409 338
411 9797
415 2748
419 8195 9628
421 1540
422 5742
428 6041
432 7847
436 9731
437 6101 21
438 38
440 2895
445 4973
448 4149
449 9726
450 5553 3193 865
451 679 4478
453 4567
454 9064
465 1825 9699
466 6184
467 7660 7850
468 7290
471 3211
473 9490
474 1997 2296
479 2248
482 1936
484 7117
485 2977 6685
487 4024
489 7712
490 2798
492 7320
493 1817 2136
494 7391
496 6252 3995
498 6711